#
# A fatal error has been detected by the Java Runtime Environment:
#
#  SIGBUS (0x7) at pc=0x00007f9e9ae08fcd, pid=6548, tid=140317365810944
#
# JRE version: OpenJDK Runtime Environment (7.0_85-b01) (build 1.7.0_85-b01)
# Java VM: OpenJDK 64-Bit Server VM (24.85-b03 mixed mode linux-amd64 compressed oops)
# Derivative: IcedTea 2.6.1
# Distribution: Ubuntu 14.04 LTS, package 7u85-2.6.1-5ubuntu0.14.04.1
# Problematic frame:
# C  [libzip.so+0x4fcd]
#
# Failed to write core dump. Core dumps have been disabled. To enable core dumping, try "ulimit -c unlimited" before starting Java again
#
# If you would like to submit a bug report, please include
# instructions on how to reproduce the bug and visit:
#   http://icedtea.classpath.org/bugzilla
# The crash happened outside the Java Virtual Machine in native code.
# See problematic frame for where to report the bug.
#

---------------  T H R E A D  ---------------

Current thread (0x00007f9e24001000):  JavaThread "pool-4-thread-1" [_thread_in_native, id=6684, stack(0x00007f9e2eaeb000,0x00007f9e2ebec000)]

siginfo:si_signo=SIGBUS: si_errno=0, si_code=2 (BUS_ADRERR), si_addr=0x00007f9e9015d759

Registers:
RAX=0x00007f9e4c0011f0, RBX=0x00007f9e94166900, RCX=0x00007f9e4c000020, RDX=0x00007f9e4c0011f0
RSP=0x00007f9e2ebe8550, RBP=0x00007f9e2ebe85b0, RSI=0x0000000000000000, RDI=0x0000000000000000
R8 =0x0000000000000003, R9 =0x0000000000000005, R10=0x00007f9e91012d6c, R11=0x00007f9e9cf16f01
R12=0x00007f9e94167878, R13=0x00007f9e9015d73c, R14=0x00007f9e4c0011f0, R15=0x00000000664a0f9b
RIP=0x00007f9e9ae08fcd, EFLAGS=0x0000000000010206, CSGSFS=0x0000000000000033, ERR=0x0000000000000004
  TRAPNO=0x000000000000000e

Top of Stack: (sp=0x00007f9e2ebe8550)
0x00007f9e2ebe8550:   00007f9e2ebe89b0 00007f9e9ae079c8
0x00007f9e2ebe8560:   0000000100000000 0000000094165f10
0x00007f9e2ebe8570:   6b7265622f756465 00007f9e9ce4787c
0x00007f9e2ebe8580:   00007f9e2ebe8620 00007f9e94167870
0x00007f9e2ebe8590:   00007f9e94166900 00007f9e2ebe8620
0x00007f9e2ebe85a0:   00007f9e400012a0 00000000664a0f9b
0x00007f9e2ebe85b0:   00007f9e2ebe8600 00007f9e9ae09d7d
0x00007f9e2ebe85c0:   0000000000000000 0000004800000000
0x00007f9e2ebe85d0:   0000000000000008 00007f9e2ebe8620
0x00007f9e2ebe85e0:   00007f9e2ebe8af8 00007f9e2ebe8620
0x00007f9e2ebe85f0:   0000000000000048 00007f9e240011d8
0x00007f9e2ebe8600:   00007f9e2ebe8a60 00007f9e9ae079c8
0x00007f9e2ebe8610:   000000012ebe8c30 00007f9e94166900
0x00007f9e2ebe8620:   6b7265622f756465 6170732f79656c65
0x00007f9e2ebe8630:   7268742f776f7272 656863532f746669
0x00007f9e2ebe8640:   72655372656c7564 6765722465636976
0x00007f9e2ebe8650:   6f72467265747369 72615f646e65746e
0x00007f9e2ebe8660:   7373616c632e7367 0000000000000000
0x00007f9e2ebe8670:   00007f9e2ebe87a0 0000000000000000
0x00007f9e2ebe8680:   0000000000000000 00007f9e2ebe8750
0x00007f9e2ebe8690:   0000000000000000 0000000000000000
0x00007f9e2ebe86a0:   0000000000000000 fffffffffffffffc
0x00007f9e2ebe86b0:   0000000a00000000 000000000000052a
0x00007f9e2ebe86c0:   00000000000013a8 0000000000000000
0x00007f9e2ebe86d0:   0000000000000000 00007f9e2ebe8be4
0x00007f9e2ebe86e0:   0000000000000000 00007f9e00000000
0x00007f9e2ebe86f0:   0000000000000000 0000000000000000
0x00007f9e2ebe8700:   0000000000000000 00007f9e9db444ea
0x00007f9e2ebe8710:   ffffffffffffffff 0000000000000064
0x00007f9e2ebe8720:   0020000000000002 0000000000000000
0x00007f9e2ebe8730:   0000000000000000 00007f9e9d040eb6
0x00007f9e2ebe8740:   0000000000000000 000000000000007e 

Instructions: (pc=0x00007f9e9ae08fcd)
0x00007f9e9ae08fad:   73 48 48 8b 7b 10 b9 a0 00 00 00 49 8b 14 24 e8
0x00007f9e9ae08fbd:   8f fe ff ff 49 89 c5 4d 85 ed 0f 84 d3 04 00 00
0x00007f9e9ae08fcd:   41 0f b6 55 1d 41 0f b6 45 1c 45 31 e4 41 0f b6
0x00007f9e9ae08fdd:   75 0d 41 0f b6 7d 0e 45 0f b6 7d 1f c1 e2 08 09 

Register to memory mapping:

RAX=0x00007f9e4c0011f0 is an unknown value
RBX=0x00007f9e94166900 is an unknown value
RCX=0x00007f9e4c000020 is an unknown value
RDX=0x00007f9e4c0011f0 is an unknown value
RSP=0x00007f9e2ebe8550 is pointing into the stack for thread: 0x00007f9e24001000
RBP=0x00007f9e2ebe85b0 is pointing into the stack for thread: 0x00007f9e24001000
RSI=0x0000000000000000 is an unknown value
RDI=0x0000000000000000 is an unknown value
R8 =0x0000000000000003 is an unknown value
R9 =0x0000000000000005 is an unknown value
R10=0x00007f9e91012d6c is at code_begin+620 in an Interpreter codelet
method entry point (kind = native)  [0x00007f9e91012b00, 0x00007f9e91013360]  2144 bytes
R11=0x00007f9e9cf16f01: <offset 0x865f01> in /usr/lib/jvm/java-7-openjdk-amd64/jre/lib/amd64/server/libjvm.so at 0x00007f9e9c6b1000
R12=0x00007f9e94167878 is an unknown value
R13=0x00007f9e9015d73c is an unknown value
R14=0x00007f9e4c0011f0 is an unknown value
R15=0x00000000664a0f9b is an unknown value


Stack: [0x00007f9e2eaeb000,0x00007f9e2ebec000],  sp=0x00007f9e2ebe8550,  free space=1013k
Native frames: (J=compiled Java code, j=interpreted, Vv=VM code, C=native code)
C  [libzip.so+0x4fcd]
C  [libzip.so+0x5d7d]  ZIP_GetEntry+0xcd
C  [libzip.so+0x39c8]  Java_java_util_zip_ZipFile_getEntry+0xa8
j  java.util.zip.ZipFile.getEntry(J[BZ)J+0
j  java.util.zip.ZipFile.getEntry(Ljava/lang/String;)Ljava/util/zip/ZipEntry;+38
j  java.util.jar.JarFile.getEntry(Ljava/lang/String;)Ljava/util/zip/ZipEntry;+2
j  java.util.jar.JarFile.getJarEntry(Ljava/lang/String;)Ljava/util/jar/JarEntry;+2
j  sun.misc.URLClassPath$JarLoader.getResource(Ljava/lang/String;Z)Lsun/misc/Resource;+48
j  sun.misc.URLClassPath.getResource(Ljava/lang/String;Z)Lsun/misc/Resource;+53
j  java.net.URLClassLoader$1.run()Ljava/lang/Class;+26
j  java.net.URLClassLoader$1.run()Ljava/lang/Object;+1
v  ~StubRoutines::call_stub
V  [libjvm.so+0x5edc19]  JavaCalls::call_helper(JavaValue*, methodHandle*, JavaCallArguments*, Thread*)+0x339
V  [libjvm.so+0x5ed6b8]  JavaCalls::call(JavaValue*, methodHandle, JavaCallArguments*, Thread*)+0x28
V  [libjvm.so+0x62d357]  JVM_DoPrivileged+0x267
j  java.security.AccessController.doPrivileged(Ljava/security/PrivilegedExceptionAction;Ljava/security/AccessControlContext;)Ljava/lang/Object;+0
j  java.net.URLClassLoader.findClass(Ljava/lang/String;)Ljava/lang/Class;+13
j  java.lang.ClassLoader.loadClass(Ljava/lang/String;Z)Ljava/lang/Class;+70
j  sun.misc.Launcher$AppClassLoader.loadClass(Ljava/lang/String;Z)Ljava/lang/Class;+36
j  java.lang.ClassLoader.loadClass(Ljava/lang/String;)Ljava/lang/Class;+3
v  ~StubRoutines::call_stub
V  [libjvm.so+0x5edc19]  JavaCalls::call_helper(JavaValue*, methodHandle*, JavaCallArguments*, Thread*)+0x339
V  [libjvm.so+0x5ecc9e]  JavaCalls::call_virtual(JavaValue*, Handle, KlassHandle, Symbol*, Symbol*, Handle, Thread*)+0x21e
V  [libjvm.so+0x8d832f]  SystemDictionary::load_instance_class(Symbol*, Handle, Thread*)+0x4bf
V  [libjvm.so+0x8d61b2]  SystemDictionary::resolve_instance_class_or_null(Symbol*, Handle, Handle, Thread*)+0x4c2
V  [libjvm.so+0x8d6b82]  SystemDictionary::resolve_or_fail(Symbol*, Handle, Handle, bool, Thread*)+0x22
V  [libjvm.so+0x4856e5]  constantPoolOopDesc::klass_at_impl(constantPoolHandle, int, Thread*)+0x285
V  [libjvm.so+0x5e081b]  InterpreterRuntime::_new(JavaThread*, constantPoolOopDesc*, int)+0x6b
j  edu.berkeley.sparrow.thrift.SchedulerService$Processor$registerFrontend.getEmptyArgsInstance()Ledu/berkeley/sparrow/thrift/SchedulerService$registerFrontend_args;+0
j  edu.berkeley.sparrow.thrift.SchedulerService$Processor$registerFrontend.getEmptyArgsInstance()Lorg/apache/thrift/TBase;+1
j  org.apache.thrift.ProcessFunction.process(ILorg/apache/thrift/protocol/TProtocol;Lorg/apache/thrift/protocol/TProtocol;Ljava/lang/Object;)V+1
j  org.apache.thrift.TBaseProcessor.process(Lorg/apache/thrift/protocol/TProtocol;Lorg/apache/thrift/protocol/TProtocol;)Z+126
j  org.apache.thrift.server.AbstractNonblockingServer$FrameBuffer.invoke()V+49
j  org.apache.thrift.server.Invocation.run()V+4
j  java.util.concurrent.ThreadPoolExecutor.runWorker(Ljava/util/concurrent/ThreadPoolExecutor$Worker;)V+95
j  java.util.concurrent.ThreadPoolExecutor$Worker.run()V+5
j  java.lang.Thread.run()V+11
v  ~StubRoutines::call_stub
V  [libjvm.so+0x5edc19]  JavaCalls::call_helper(JavaValue*, methodHandle*, JavaCallArguments*, Thread*)+0x339
V  [libjvm.so+0x5eca6e]  JavaCalls::call_virtual(JavaValue*, Handle, KlassHandle, Symbol*, Symbol*, Thread*)+0x20e
V  [libjvm.so+0x629771]  thread_entry(JavaThread*, Thread*)+0xd1
V  [libjvm.so+0x906cb0]  JavaThread::thread_main_inner()+0xf0
V  [libjvm.so+0x906f21]  JavaThread::run()+0x221
V  [libjvm.so+0x7cc7e2]  java_start(Thread*)+0xf2

Java frames: (J=compiled Java code, j=interpreted, Vv=VM code)
j  java.util.zip.ZipFile.getEntry(J[BZ)J+0
j  java.util.zip.ZipFile.getEntry(Ljava/lang/String;)Ljava/util/zip/ZipEntry;+38
j  java.util.jar.JarFile.getEntry(Ljava/lang/String;)Ljava/util/zip/ZipEntry;+2
j  java.util.jar.JarFile.getJarEntry(Ljava/lang/String;)Ljava/util/jar/JarEntry;+2
j  sun.misc.URLClassPath$JarLoader.getResource(Ljava/lang/String;Z)Lsun/misc/Resource;+48
j  sun.misc.URLClassPath.getResource(Ljava/lang/String;Z)Lsun/misc/Resource;+53
j  java.net.URLClassLoader$1.run()Ljava/lang/Class;+26
j  java.net.URLClassLoader$1.run()Ljava/lang/Object;+1
v  ~StubRoutines::call_stub
j  java.security.AccessController.doPrivileged(Ljava/security/PrivilegedExceptionAction;Ljava/security/AccessControlContext;)Ljava/lang/Object;+0
j  java.net.URLClassLoader.findClass(Ljava/lang/String;)Ljava/lang/Class;+13
j  java.lang.ClassLoader.loadClass(Ljava/lang/String;Z)Ljava/lang/Class;+70
j  sun.misc.Launcher$AppClassLoader.loadClass(Ljava/lang/String;Z)Ljava/lang/Class;+36
j  java.lang.ClassLoader.loadClass(Ljava/lang/String;)Ljava/lang/Class;+3
v  ~StubRoutines::call_stub
j  edu.berkeley.sparrow.thrift.SchedulerService$Processor$registerFrontend.getEmptyArgsInstance()Ledu/berkeley/sparrow/thrift/SchedulerService$registerFrontend_args;+0
j  edu.berkeley.sparrow.thrift.SchedulerService$Processor$registerFrontend.getEmptyArgsInstance()Lorg/apache/thrift/TBase;+1
j  org.apache.thrift.ProcessFunction.process(ILorg/apache/thrift/protocol/TProtocol;Lorg/apache/thrift/protocol/TProtocol;Ljava/lang/Object;)V+1
j  org.apache.thrift.TBaseProcessor.process(Lorg/apache/thrift/protocol/TProtocol;Lorg/apache/thrift/protocol/TProtocol;)Z+126
j  org.apache.thrift.server.AbstractNonblockingServer$FrameBuffer.invoke()V+49
j  org.apache.thrift.server.Invocation.run()V+4
j  java.util.concurrent.ThreadPoolExecutor.runWorker(Ljava/util/concurrent/ThreadPoolExecutor$Worker;)V+95
j  java.util.concurrent.ThreadPoolExecutor$Worker.run()V+5
j  java.lang.Thread.run()V+11
v  ~StubRoutines::call_stub

---------------  P R O C E S S  ---------------

Java Threads: ( => current thread )
=>0x00007f9e24001000 JavaThread "pool-4-thread-1" [_thread_in_native, id=6684, stack(0x00007f9e2eaeb000,0x00007f9e2ebec000)]
  0x00007f9e34001800 JavaThread "pool-2-thread-1" [_thread_blocked, id=6610, stack(0x00007f9e2ebec000,0x00007f9e2eced000)]
  0x00007f9e3800e000 JavaThread "Thread-23" [_thread_in_native, id=6593, stack(0x00007f9e2eced000,0x00007f9e2edee000)]
  0x00007f9e9400a000 JavaThread "DestroyJavaVM" [_thread_blocked, id=6549, stack(0x00007f9e9e1c0000,0x00007f9e9e2c1000)]
  0x00007f9e94307800 JavaThread "Thread-22" [_thread_blocked, id=6592, stack(0x00007f9e2edee000,0x00007f9e2eeef000)]
  0x00007f9e1c04a800 JavaThread "Thread-21" [_thread_in_native, id=6591, stack(0x00007f9e2eeef000,0x00007f9e2eff0000)]
  0x00007f9e1c048800 JavaThread "Thread-18" [_thread_in_native, id=6590, stack(0x00007f9e2eff0000,0x00007f9e2f0f1000)]
  0x00007f9e1c046800 JavaThread "Thread-20" [_thread_in_native, id=6589, stack(0x00007f9e2f0f1000,0x00007f9e2f1f2000)]
  0x00007f9e1c044000 JavaThread "Thread-19" [_thread_in_native, id=6588, stack(0x00007f9e2f1f2000,0x00007f9e2f2f3000)]
  0x00007f9e1c042000 JavaThread "Thread-17" [_thread_in_native, id=6587, stack(0x00007f9e2f2f3000,0x00007f9e2f3f4000)]
  0x00007f9e942ff800 JavaThread "Thread-16" [_thread_blocked, id=6586, stack(0x00007f9e2f3f4000,0x00007f9e2f4f5000)]
  0x00007f9e94302800 JavaThread "Thread-15" [_thread_blocked, id=6585, stack(0x00007f9e2f4f5000,0x00007f9e2f5f6000)]
  0x00007f9e942e9800 JavaThread "TAsyncClientManager#SelectorThread 28" daemon [_thread_in_native, id=6584, stack(0x00007f9e2f5f6000,0x00007f9e2f6f7000)]
  0x00007f9e942d4000 JavaThread "TAsyncClientManager#SelectorThread 27" daemon [_thread_in_native, id=6583, stack(0x00007f9e2f6f7000,0x00007f9e2f7f8000)]
  0x00007f9e3004b000 JavaThread "Thread-11" [_thread_in_native, id=6582, stack(0x00007f9e2f7f8000,0x00007f9e2f8f9000)]
  0x00007f9e30049800 JavaThread "Thread-7" [_thread_in_native, id=6581, stack(0x00007f9e2f8f9000,0x00007f9e2f9fa000)]
  0x00007f9e3003a000 JavaThread "Thread-9" [_thread_in_native, id=6580, stack(0x00007f9e2f9fa000,0x00007f9e2fafb000)]
  0x00007f9e3c052000 JavaThread "Thread-12" [_thread_in_native, id=6579, stack(0x00007f9e2fafb000,0x00007f9e2fbfc000)]
  0x00007f9e3c006800 JavaThread "Thread-6" [_thread_in_native, id=6578, stack(0x00007f9e2fbfc000,0x00007f9e2fcfd000)]
  0x00007f9e3c004800 JavaThread "Thread-4" [_thread_in_native, id=6577, stack(0x00007f9e2fcfd000,0x00007f9e2fdfe000)]
  0x00007f9e30038000 JavaThread "Thread-10" [_thread_in_native, id=6576, stack(0x00007f9e2fdfe000,0x00007f9e2feff000)]
  0x00007f9e3c009800 JavaThread "Thread-3" [_thread_in_native, id=6575, stack(0x00007f9e2feff000,0x00007f9e30000000)]
  0x00007f9e30035800 JavaThread "Thread-5" [_thread_in_native, id=6574, stack(0x00007f9e80041000,0x00007f9e80142000)]
  0x00007f9e3c001800 JavaThread "Thread-8" [_thread_in_native, id=6573, stack(0x00007f9e80142000,0x00007f9e80243000)]
  0x00007f9e942d0000 JavaThread "Thread-2" [_thread_blocked, id=6572, stack(0x00007f9e80243000,0x00007f9e80344000)]
  0x00007f9e942ce800 JavaThread "Thread-1" [_thread_blocked, id=6571, stack(0x00007f9e80344000,0x00007f9e80445000)]
  0x00007f9e942bd800 JavaThread "pool-1-thread-4" [_thread_blocked, id=6570, stack(0x00007f9e80445000,0x00007f9e80546000)]
  0x00007f9e942b9800 JavaThread "pool-1-thread-3" [_thread_blocked, id=6569, stack(0x00007f9e80546000,0x00007f9e80647000)]
  0x00007f9e942b8800 JavaThread "pool-1-thread-2" [_thread_blocked, id=6568, stack(0x00007f9e80647000,0x00007f9e80748000)]
  0x00007f9e942b4000 JavaThread "pool-1-thread-1" [_thread_blocked, id=6567, stack(0x00007f9e80748000,0x00007f9e80849000)]
  0x00007f9e942a9800 JavaThread "process reaper" daemon [_thread_blocked, id=6566, stack(0x00007f9e80849000,0x00007f9e80882000)]
  0x00007f9e942a2000 JavaThread "TAsyncClientManager#SelectorThread 9" daemon [_thread_in_native, id=6564, stack(0x00007f9e90024000,0x00007f9e90125000)]
  0x00007f9e9412b000 JavaThread "Service Thread" daemon [_thread_blocked, id=6562, stack(0x00007f9e902e8000,0x00007f9e903e9000)]
  0x00007f9e94128800 JavaThread "C2 CompilerThread1" daemon [_thread_blocked, id=6561, stack(0x00007f9e903e9000,0x00007f9e904ea000)]
  0x00007f9e94126000 JavaThread "C2 CompilerThread0" daemon [_thread_blocked, id=6560, stack(0x00007f9e904ea000,0x00007f9e905eb000)]
  0x00007f9e94124000 JavaThread "Signal Dispatcher" daemon [_thread_blocked, id=6559, stack(0x00007f9e905eb000,0x00007f9e906ec000)]
  0x00007f9e94122000 JavaThread "Surrogate Locker Thread (Concurrent GC)" daemon [_thread_blocked, id=6558, stack(0x00007f9e98030000,0x00007f9e98131000)]
  0x00007f9e940f7000 JavaThread "Finalizer" daemon [_thread_blocked, id=6557, stack(0x00007f9e98131000,0x00007f9e98232000)]
  0x00007f9e940f5000 JavaThread "Reference Handler" daemon [_thread_blocked, id=6556, stack(0x00007f9e98232000,0x00007f9e98333000)]

Other Threads:
  0x00007f9e940f0800 VMThread [stack: 0x00007f9e98333000,0x00007f9e98434000] [id=6555]
  0x00007f9e94136000 WatcherThread [stack: 0x00007f9e901e7000,0x00007f9e902e8000] [id=6563]

VM state:not at safepoint (normal execution)

VM Mutex/Monitor currently owned by a thread: None

Heap
 par new generation   total 18880K, used 14286K [0x00000000b8400000, 0x00000000b9870000, 0x00000000ccaa0000)
  eden space 16832K,  84% used [0x00000000b8400000, 0x00000000b91f3bd8, 0x00000000b9470000)
  from space 2048K,   0% used [0x00000000b9470000, 0x00000000b9470000, 0x00000000b9670000)
  to   space 2048K,   0% used [0x00000000b9670000, 0x00000000b9670000, 0x00000000b9870000)
 concurrent mark-sweep generation total 41920K, used 0K [0x00000000ccaa0000, 0x00000000cf390000, 0x00000000f5a00000)
 concurrent-mark-sweep perm gen total 21248K, used 7087K [0x00000000f5a00000, 0x00000000f6ec0000, 0x0000000100000000)

Card table byte_map: [0x00007f9e9a7c1000,0x00007f9e9aa00000] byte_map_base: 0x00007f9e9a1ff000

Polling page: 0x00007f9e9e2eb000

Code Cache  [0x00007f9e91000000, 0x00007f9e91270000, 0x00007f9e94000000)
 total_blobs=262 nmethods=19 adapters=197 free_code_cache=48710Kb largest_free_block=49866752

Compilation events (10 events):
Event: 0.227 Thread 0x00007f9e94126000   15             java.lang.String::replace (127 bytes)
Event: 0.233 Thread 0x00007f9e94126000 nmethod 15 0x00007f9e91069710 code [0x00007f9e91069860, 0x00007f9e91069cb8]
Event: 0.251 Thread 0x00007f9e94128800   16             java.lang.Math::min (11 bytes)
Event: 0.251 Thread 0x00007f9e94128800 nmethod 16 0x00007f9e9106ced0 code [0x00007f9e9106d000, 0x00007f9e9106d038]
Event: 0.258 Thread 0x00007f9e94126000   17             java.util.Properties$LineReader::readLine (452 bytes)
Event: 0.266 Thread 0x00007f9e94126000 nmethod 17 0x00007f9e9106ef50 code [0x00007f9e9106f100, 0x00007f9e9106f898]
Event: 0.268 Thread 0x00007f9e94128800   18             java.lang.String::length (6 bytes)
Event: 0.269 Thread 0x00007f9e94128800 nmethod 18 0x00007f9e9106a250 code [0x00007f9e9106a380, 0x00007f9e9106a3f8]
Event: 0.294 Thread 0x00007f9e94126000   19             java.lang.String::equals (81 bytes)
Event: 0.296 Thread 0x00007f9e94126000 nmethod 19 0x00007f9e9106a490 code [0x00007f9e9106a5e0, 0x00007f9e9106a838]

GC Heap History (0 events):
No events

Deoptimization events (3 events):
Event: 0.132 Thread 0x00007f9e9400a000 Uncommon trap: reason=unstable_if action=reinterpret pc=0x00007f9e91060e74 method=java.lang.String.indexOf(II)I @ 49
Event: 0.199 Thread 0x00007f9e9400a000 Uncommon trap: reason=unstable_if action=reinterpret pc=0x00007f9e91061f4c method=java.lang.String.replace(CC)Ljava/lang/String; @ 2
Event: 0.276 Thread 0x00007f9e9400a000 Uncommon trap: reason=null_check action=make_not_entrant pc=0x00007f9e91063a98 method=java.lang.String.equals(Ljava/lang/Object;)Z @ 8

Internal exceptions (10 events):
Event: 2.075 Thread 0x00007f9e34001800 Threw 0x00000000b8fb6df8 at /build/openjdk-7-65SuYz/openjdk-7-7u85-2.6.1/build/openjdk/hotspot/src/share/vm/prims/jvm.cpp:1322
Event: 2.076 Thread 0x00007f9e34001800 Threw 0x00000000b8fbb6d8 at /build/openjdk-7-65SuYz/openjdk-7-7u85-2.6.1/build/openjdk/hotspot/src/share/vm/prims/jvm.cpp:1322
Event: 2.076 Thread 0x00007f9e34001800 Threw 0x00000000b8fbfb68 at /build/openjdk-7-65SuYz/openjdk-7-7u85-2.6.1/build/openjdk/hotspot/src/share/vm/prims/jvm.cpp:1322
Event: 2.076 Thread 0x00007f9e34001800 Threw 0x00000000b8fc61a0 at /build/openjdk-7-65SuYz/openjdk-7-7u85-2.6.1/build/openjdk/hotspot/src/share/vm/prims/jvm.cpp:1322
Event: 2.077 Thread 0x00007f9e34001800 Threw 0x00000000b8fcbc20 at /build/openjdk-7-65SuYz/openjdk-7-7u85-2.6.1/build/openjdk/hotspot/src/share/vm/prims/jvm.cpp:1322
Event: 2.077 Thread 0x00007f9e34001800 Threw 0x00000000b8fd6e80 at /build/openjdk-7-65SuYz/openjdk-7-7u85-2.6.1/build/openjdk/hotspot/src/share/vm/prims/jvm.cpp:1322
Event: 2.078 Thread 0x00007f9e34001800 Threw 0x00000000b8fdb918 at /build/openjdk-7-65SuYz/openjdk-7-7u85-2.6.1/build/openjdk/hotspot/src/share/vm/prims/jvm.cpp:1322
Event: 2.078 Thread 0x00007f9e34001800 Threw 0x00000000b8fdfc30 at /build/openjdk-7-65SuYz/openjdk-7-7u85-2.6.1/build/openjdk/hotspot/src/share/vm/prims/jvm.cpp:1322
Event: 2.079 Thread 0x00007f9e34001800 Threw 0x00000000b8fe8b28 at /build/openjdk-7-65SuYz/openjdk-7-7u85-2.6.1/build/openjdk/hotspot/src/share/vm/prims/jvm.cpp:1322
Event: 32.841 Thread 0x00007f9e24001000 Threw 0x00000000b91a1418 at /build/openjdk-7-65SuYz/openjdk-7-7u85-2.6.1/build/openjdk/hotspot/src/share/vm/prims/jvm.cpp:1322

Events (10 events):
Event: 32.837 Executing VM operation: RevokeBias done
Event: 32.837 Executing VM operation: RevokeBias
Event: 32.837 Executing VM operation: RevokeBias done
Event: 32.837 Executing VM operation: RevokeBias
Event: 32.837 Executing VM operation: RevokeBias done
Event: 32.840 Executing VM operation: RevokeBias
Event: 32.840 Executing VM operation: RevokeBias done
Event: 32.841 Thread 0x00007f9e24001000 Thread added: 0x00007f9e24001000
Event: 32.841 loading class 0x00007f9e942fe550
Event: 32.841 loading class 0x00007f9e942fe550 done


Dynamic libraries:
00400000-00401000 r-xp 00000000 08:0a 5114304                            /usr/lib/jvm/java-7-openjdk-amd64/jre/bin/java
00600000-00601000 r--p 00000000 08:0a 5114304                            /usr/lib/jvm/java-7-openjdk-amd64/jre/bin/java
00601000-00602000 rw-p 00001000 08:0a 5114304                            /usr/lib/jvm/java-7-openjdk-amd64/jre/bin/java
019e8000-01a09000 rw-p 00000000 00:00 0                                  [heap]
b8400000-b9870000 rw-p 00000000 00:00 0 
b9870000-ccaa0000 rw-p 00000000 00:00 0 
ccaa0000-cf390000 rw-p 00000000 00:00 0 
cf390000-f5a00000 rw-p 00000000 00:00 0 
f5a00000-f6ec0000 rw-p 00000000 00:00 0 
f6ec0000-100000000 rw-p 00000000 00:00 0 
7f9e0c000000-7f9e0c021000 rw-p 00000000 00:00 0 
7f9e0c021000-7f9e10000000 ---p 00000000 00:00 0 
7f9e14000000-7f9e14021000 rw-p 00000000 00:00 0 
7f9e14021000-7f9e18000000 ---p 00000000 00:00 0 
7f9e18000000-7f9e18021000 rw-p 00000000 00:00 0 
7f9e18021000-7f9e1c000000 ---p 00000000 00:00 0 
7f9e1c000000-7f9e1c04d000 rw-p 00000000 00:00 0 
7f9e1c04d000-7f9e20000000 ---p 00000000 00:00 0 
7f9e20000000-7f9e20021000 rw-p 00000000 00:00 0 
7f9e20021000-7f9e24000000 ---p 00000000 00:00 0 
7f9e24000000-7f9e24021000 rw-p 00000000 00:00 0 
7f9e24021000-7f9e28000000 ---p 00000000 00:00 0 
7f9e28000000-7f9e28021000 rw-p 00000000 00:00 0 
7f9e28021000-7f9e2c000000 ---p 00000000 00:00 0 
7f9e2e8b0000-7f9e2eaeb000 rw-p 00000000 00:00 0 
7f9e2eaeb000-7f9e2eaee000 ---p 00000000 00:00 0 
7f9e2eaee000-7f9e2ebec000 rw-p 00000000 00:00 0                          [stack:6684]
7f9e2ebec000-7f9e2ebef000 ---p 00000000 00:00 0 
7f9e2ebef000-7f9e2eced000 rw-p 00000000 00:00 0                          [stack:6610]
7f9e2eced000-7f9e2ecf0000 ---p 00000000 00:00 0 
7f9e2ecf0000-7f9e2edee000 rw-p 00000000 00:00 0                          [stack:6593]
7f9e2edee000-7f9e2edf1000 ---p 00000000 00:00 0 
7f9e2edf1000-7f9e2eeef000 rw-p 00000000 00:00 0                          [stack:6592]
7f9e2eeef000-7f9e2eef2000 ---p 00000000 00:00 0 
7f9e2eef2000-7f9e2eff0000 rw-p 00000000 00:00 0                          [stack:6591]
7f9e2eff0000-7f9e2eff3000 ---p 00000000 00:00 0 
7f9e2eff3000-7f9e2f0f1000 rw-p 00000000 00:00 0                          [stack:6590]
7f9e2f0f1000-7f9e2f0f4000 ---p 00000000 00:00 0 
7f9e2f0f4000-7f9e2f1f2000 rw-p 00000000 00:00 0                          [stack:6589]
7f9e2f1f2000-7f9e2f1f5000 ---p 00000000 00:00 0 
7f9e2f1f5000-7f9e2f2f3000 rw-p 00000000 00:00 0                          [stack:6588]
7f9e2f2f3000-7f9e2f2f6000 ---p 00000000 00:00 0 
7f9e2f2f6000-7f9e2f3f4000 rw-p 00000000 00:00 0                          [stack:6587]
7f9e2f3f4000-7f9e2f3f7000 ---p 00000000 00:00 0 
7f9e2f3f7000-7f9e2f4f5000 rw-p 00000000 00:00 0                          [stack:6586]
7f9e2f4f5000-7f9e2f4f8000 ---p 00000000 00:00 0 
7f9e2f4f8000-7f9e2f5f6000 rw-p 00000000 00:00 0                          [stack:6585]
7f9e2f5f6000-7f9e2f5f9000 ---p 00000000 00:00 0 
7f9e2f5f9000-7f9e2f6f7000 rw-p 00000000 00:00 0                          [stack:6584]
7f9e2f6f7000-7f9e2f6fa000 ---p 00000000 00:00 0 
7f9e2f6fa000-7f9e2f7f8000 rw-p 00000000 00:00 0                          [stack:6583]
7f9e2f7f8000-7f9e2f7fb000 ---p 00000000 00:00 0 
7f9e2f7fb000-7f9e2f8f9000 rw-p 00000000 00:00 0                          [stack:6582]
7f9e2f8f9000-7f9e2f8fc000 ---p 00000000 00:00 0 
7f9e2f8fc000-7f9e2f9fa000 rw-p 00000000 00:00 0                          [stack:6581]
7f9e2f9fa000-7f9e2f9fd000 ---p 00000000 00:00 0 
7f9e2f9fd000-7f9e2fafb000 rw-p 00000000 00:00 0                          [stack:6580]
7f9e2fafb000-7f9e2fafe000 ---p 00000000 00:00 0 
7f9e2fafe000-7f9e2fbfc000 rw-p 00000000 00:00 0                          [stack:6579]
7f9e2fbfc000-7f9e2fbff000 ---p 00000000 00:00 0 
7f9e2fbff000-7f9e2fcfd000 rw-p 00000000 00:00 0                          [stack:6578]
7f9e2fcfd000-7f9e2fd00000 ---p 00000000 00:00 0 
7f9e2fd00000-7f9e2fdfe000 rw-p 00000000 00:00 0                          [stack:6577]
7f9e2fdfe000-7f9e2fe01000 ---p 00000000 00:00 0 
7f9e2fe01000-7f9e2feff000 rw-p 00000000 00:00 0                          [stack:6576]
7f9e2feff000-7f9e2ff02000 ---p 00000000 00:00 0 
7f9e2ff02000-7f9e30000000 rw-p 00000000 00:00 0                          [stack:6575]
7f9e30000000-7f9e30052000 rw-p 00000000 00:00 0 
7f9e30052000-7f9e34000000 ---p 00000000 00:00 0 
7f9e34000000-7f9e34021000 rw-p 00000000 00:00 0 
7f9e34021000-7f9e38000000 ---p 00000000 00:00 0 
7f9e38000000-7f9e38021000 rw-p 00000000 00:00 0 
7f9e38021000-7f9e3c000000 ---p 00000000 00:00 0 
7f9e3c000000-7f9e3c054000 rw-p 00000000 00:00 0 
7f9e3c054000-7f9e40000000 ---p 00000000 00:00 0 
7f9e40000000-7f9e40021000 rw-p 00000000 00:00 0 
7f9e40021000-7f9e44000000 ---p 00000000 00:00 0 
7f9e44000000-7f9e44021000 rw-p 00000000 00:00 0 
7f9e44021000-7f9e48000000 ---p 00000000 00:00 0 
7f9e48000000-7f9e48021000 rw-p 00000000 00:00 0 
7f9e48021000-7f9e4c000000 ---p 00000000 00:00 0 
7f9e4c000000-7f9e4c021000 rw-p 00000000 00:00 0 
7f9e4c021000-7f9e50000000 ---p 00000000 00:00 0 
7f9e50000000-7f9e50021000 rw-p 00000000 00:00 0 
7f9e50021000-7f9e54000000 ---p 00000000 00:00 0 
7f9e54000000-7f9e54021000 rw-p 00000000 00:00 0 
7f9e54021000-7f9e58000000 ---p 00000000 00:00 0 
7f9e58000000-7f9e580b0000 rw-p 00000000 00:00 0 
7f9e580b0000-7f9e5c000000 ---p 00000000 00:00 0 
7f9e5c000000-7f9e5c021000 rw-p 00000000 00:00 0 
7f9e5c021000-7f9e60000000 ---p 00000000 00:00 0 
7f9e60000000-7f9e60021000 rw-p 00000000 00:00 0 
7f9e60021000-7f9e64000000 ---p 00000000 00:00 0 
7f9e64000000-7f9e64127000 rw-p 00000000 00:00 0 
7f9e64127000-7f9e68000000 ---p 00000000 00:00 0 
7f9e68000000-7f9e68021000 rw-p 00000000 00:00 0 
7f9e68021000-7f9e6c000000 ---p 00000000 00:00 0 
7f9e6c000000-7f9e6c021000 rw-p 00000000 00:00 0 
7f9e6c021000-7f9e70000000 ---p 00000000 00:00 0 
7f9e70000000-7f9e70021000 rw-p 00000000 00:00 0 
7f9e70021000-7f9e74000000 ---p 00000000 00:00 0 
7f9e74000000-7f9e74021000 rw-p 00000000 00:00 0 
7f9e74021000-7f9e78000000 ---p 00000000 00:00 0 
7f9e78000000-7f9e78021000 rw-p 00000000 00:00 0 
7f9e78021000-7f9e7c000000 ---p 00000000 00:00 0 
7f9e7c000000-7f9e7c021000 rw-p 00000000 00:00 0 
7f9e7c021000-7f9e80000000 ---p 00000000 00:00 0 
7f9e80041000-7f9e80044000 ---p 00000000 00:00 0 
7f9e80044000-7f9e80142000 rw-p 00000000 00:00 0                          [stack:6574]
7f9e80142000-7f9e80145000 ---p 00000000 00:00 0 
7f9e80145000-7f9e80243000 rw-p 00000000 00:00 0                          [stack:6573]
7f9e80243000-7f9e80246000 ---p 00000000 00:00 0 
7f9e80246000-7f9e80344000 rw-p 00000000 00:00 0                          [stack:6572]
7f9e80344000-7f9e80347000 ---p 00000000 00:00 0 
7f9e80347000-7f9e80445000 rw-p 00000000 00:00 0                          [stack:6571]
7f9e80445000-7f9e80448000 ---p 00000000 00:00 0 
7f9e80448000-7f9e80546000 rw-p 00000000 00:00 0                          [stack:6570]
7f9e80546000-7f9e80549000 ---p 00000000 00:00 0 
7f9e80549000-7f9e80647000 rw-p 00000000 00:00 0                          [stack:6569]
7f9e80647000-7f9e8064a000 ---p 00000000 00:00 0 
7f9e8064a000-7f9e80748000 rw-p 00000000 00:00 0                          [stack:6568]
7f9e80748000-7f9e8074b000 ---p 00000000 00:00 0 
7f9e8074b000-7f9e80849000 rw-p 00000000 00:00 0                          [stack:6567]
7f9e80849000-7f9e8084c000 ---p 00000000 00:00 0 
7f9e8084c000-7f9e80882000 rw-p 00000000 00:00 0                          [stack:6566]
7f9e80882000-7f9e80892000 r-xp 00000000 08:0a 5114329                    /usr/lib/jvm/java-7-openjdk-amd64/jre/lib/amd64/libnio.so
7f9e80892000-7f9e80a92000 ---p 00010000 08:0a 5114329                    /usr/lib/jvm/java-7-openjdk-amd64/jre/lib/amd64/libnio.so
7f9e80a92000-7f9e80a93000 r--p 00010000 08:0a 5114329                    /usr/lib/jvm/java-7-openjdk-amd64/jre/lib/amd64/libnio.so
7f9e80a93000-7f9e80a94000 rw-p 00011000 08:0a 5114329                    /usr/lib/jvm/java-7-openjdk-amd64/jre/lib/amd64/libnio.so
7f9e80a94000-7f9e80ad1000 r-xp 00000000 08:0a 3408037                    /lib/x86_64-linux-gnu/libpcre.so.3.13.1
7f9e80ad1000-7f9e80cd0000 ---p 0003d000 08:0a 3408037                    /lib/x86_64-linux-gnu/libpcre.so.3.13.1
7f9e80cd0000-7f9e80cd1000 r--p 0003c000 08:0a 3408037                    /lib/x86_64-linux-gnu/libpcre.so.3.13.1
7f9e80cd1000-7f9e80cd2000 rw-p 0003d000 08:0a 3408037                    /lib/x86_64-linux-gnu/libpcre.so.3.13.1
7f9e80cd2000-7f9e80cd9000 r-xp 00000000 08:0a 4851706                    /usr/lib/x86_64-linux-gnu/libffi.so.6.0.1
7f9e80cd9000-7f9e80ed8000 ---p 00007000 08:0a 4851706                    /usr/lib/x86_64-linux-gnu/libffi.so.6.0.1
7f9e80ed8000-7f9e80ed9000 r--p 00006000 08:0a 4851706                    /usr/lib/x86_64-linux-gnu/libffi.so.6.0.1
7f9e80ed9000-7f9e80eda000 rw-p 00007000 08:0a 4851706                    /usr/lib/x86_64-linux-gnu/libffi.so.6.0.1
7f9e80eda000-7f9e80ef1000 r-xp 00000000 08:0a 3407898                    /lib/x86_64-linux-gnu/libresolv-2.19.so
7f9e80ef1000-7f9e810f1000 ---p 00017000 08:0a 3407898                    /lib/x86_64-linux-gnu/libresolv-2.19.so
7f9e810f1000-7f9e810f2000 r--p 00017000 08:0a 3407898                    /lib/x86_64-linux-gnu/libresolv-2.19.so
7f9e810f2000-7f9e810f3000 rw-p 00018000 08:0a 3407898                    /lib/x86_64-linux-gnu/libresolv-2.19.so
7f9e810f3000-7f9e810f5000 rw-p 00000000 00:00 0 
7f9e810f5000-7f9e81115000 r-xp 00000000 08:0a 3412082                    /lib/x86_64-linux-gnu/libselinux.so.1
7f9e81115000-7f9e81314000 ---p 00020000 08:0a 3412082                    /lib/x86_64-linux-gnu/libselinux.so.1
7f9e81314000-7f9e81315000 r--p 0001f000 08:0a 3412082                    /lib/x86_64-linux-gnu/libselinux.so.1
7f9e81315000-7f9e81316000 rw-p 00020000 08:0a 3412082                    /lib/x86_64-linux-gnu/libselinux.so.1
7f9e81316000-7f9e81318000 rw-p 00000000 00:00 0 
7f9e81318000-7f9e8131b000 r-xp 00000000 08:0a 4858342                    /usr/lib/x86_64-linux-gnu/libgmodule-2.0.so.0.4002.0
7f9e8131b000-7f9e8151a000 ---p 00003000 08:0a 4858342                    /usr/lib/x86_64-linux-gnu/libgmodule-2.0.so.0.4002.0
7f9e8151a000-7f9e8151b000 r--p 00002000 08:0a 4858342                    /usr/lib/x86_64-linux-gnu/libgmodule-2.0.so.0.4002.0
7f9e8151b000-7f9e8151c000 rw-p 00003000 08:0a 4858342                    /usr/lib/x86_64-linux-gnu/libgmodule-2.0.so.0.4002.0
7f9e8151c000-7f9e81622000 r-xp 00000000 08:0a 3411983                    /lib/x86_64-linux-gnu/libglib-2.0.so.0.4002.0
7f9e81622000-7f9e81821000 ---p 00106000 08:0a 3411983                    /lib/x86_64-linux-gnu/libglib-2.0.so.0.4002.0
7f9e81821000-7f9e81822000 r--p 00105000 08:0a 3411983                    /lib/x86_64-linux-gnu/libglib-2.0.so.0.4002.0
7f9e81822000-7f9e81823000 rw-p 00106000 08:0a 3411983                    /lib/x86_64-linux-gnu/libglib-2.0.so.0.4002.0
7f9e81823000-7f9e81824000 rw-p 00000000 00:00 0 
7f9e81824000-7f9e81873000 r-xp 00000000 08:0a 4858358                    /usr/lib/x86_64-linux-gnu/libgobject-2.0.so.0.4002.0
7f9e81873000-7f9e81a73000 ---p 0004f000 08:0a 4858358                    /usr/lib/x86_64-linux-gnu/libgobject-2.0.so.0.4002.0
7f9e81a73000-7f9e81a74000 r--p 0004f000 08:0a 4858358                    /usr/lib/x86_64-linux-gnu/libgobject-2.0.so.0.4002.0
7f9e81a74000-7f9e81a75000 rw-p 00050000 08:0a 4858358                    /usr/lib/x86_64-linux-gnu/libgobject-2.0.so.0.4002.0
7f9e81a75000-7f9e81be1000 r-xp 00000000 08:0a 4858330                    /usr/lib/x86_64-linux-gnu/libgio-2.0.so.0.4002.0
7f9e81be1000-7f9e81de0000 ---p 0016c000 08:0a 4858330                    /usr/lib/x86_64-linux-gnu/libgio-2.0.so.0.4002.0
7f9e81de0000-7f9e81de4000 r--p 0016b000 08:0a 4858330                    /usr/lib/x86_64-linux-gnu/libgio-2.0.so.0.4002.0
7f9e81de4000-7f9e81de6000 rw-p 0016f000 08:0a 4858330                    /usr/lib/x86_64-linux-gnu/libgio-2.0.so.0.4002.0
7f9e81de6000-7f9e81de8000 rw-p 00000000 00:00 0 
7f9e81de8000-7f9e81dff000 r-xp 00000000 08:0a 5114359                    /usr/lib/jvm/java-7-openjdk-amd64/jre/lib/amd64/libnet.so
7f9e81dff000-7f9e81ffe000 ---p 00017000 08:0a 5114359                    /usr/lib/jvm/java-7-openjdk-amd64/jre/lib/amd64/libnet.so
7f9e81ffe000-7f9e81fff000 r--p 00016000 08:0a 5114359                    /usr/lib/jvm/java-7-openjdk-amd64/jre/lib/amd64/libnet.so
7f9e81fff000-7f9e82000000 rw-p 00017000 08:0a 5114359                    /usr/lib/jvm/java-7-openjdk-amd64/jre/lib/amd64/libnet.so
7f9e82000000-7f9e84000000 rw-p 00000000 00:00 0 
7f9e84000000-7f9e84021000 rw-p 00000000 00:00 0 
7f9e84021000-7f9e88000000 ---p 00000000 00:00 0 
7f9e88000000-7f9e88021000 rw-p 00000000 00:00 0 
7f9e88021000-7f9e8c000000 ---p 00000000 00:00 0 
7f9e8c000000-7f9e8c021000 rw-p 00000000 00:00 0 
7f9e8c021000-7f9e90000000 ---p 00000000 00:00 0 
7f9e90024000-7f9e90027000 ---p 00000000 00:00 0 
7f9e90027000-7f9e90156000 rw-p 00000000 00:00 0                          [stack:6564]
7f9e90156000-7f9e901e7000 r--s 00752000 08:0a 3825333                    /root/sparrow/target/original-sparrow-1.0-SNAPSHOT.jar
7f9e901e7000-7f9e901e8000 ---p 00000000 00:00 0 
7f9e901e8000-7f9e902e8000 rw-p 00000000 00:00 0                          [stack:6563]
7f9e902e8000-7f9e902eb000 ---p 00000000 00:00 0 
7f9e902eb000-7f9e903e9000 rw-p 00000000 00:00 0                          [stack:6562]
7f9e903e9000-7f9e903ec000 ---p 00000000 00:00 0 
7f9e903ec000-7f9e904ea000 rw-p 00000000 00:00 0                          [stack:6561]
7f9e904ea000-7f9e904ed000 ---p 00000000 00:00 0 
7f9e904ed000-7f9e905eb000 rw-p 00000000 00:00 0                          [stack:6560]
7f9e905eb000-7f9e905ee000 ---p 00000000 00:00 0 
7f9e905ee000-7f9e906ec000 rw-p 00000000 00:00 0                          [stack:6559]
7f9e906ec000-7f9e91000000 r--p 00000000 08:0a 4856869                    /usr/lib/locale/locale-archive
7f9e91000000-7f9e91270000 rwxp 00000000 00:00 0 
7f9e91270000-7f9e94310000 rw-p 00000000 00:00 0 
7f9e94310000-7f9e98000000 ---p 00000000 00:00 0 
7f9e98030000-7f9e98033000 ---p 00000000 00:00 0 
7f9e98033000-7f9e98131000 rw-p 00000000 00:00 0                          [stack:6558]
7f9e98131000-7f9e98134000 ---p 00000000 00:00 0 
7f9e98134000-7f9e98232000 rw-p 00000000 00:00 0                          [stack:6557]
7f9e98232000-7f9e98235000 ---p 00000000 00:00 0 
7f9e98235000-7f9e98333000 rw-p 00000000 00:00 0                          [stack:6556]
7f9e98333000-7f9e98334000 ---p 00000000 00:00 0 
7f9e98334000-7f9e9847d000 rw-p 00000000 00:00 0                          [stack:6555]
7f9e9847d000-7f9e9862f000 r--s 01d30000 08:0a 5114323                    /usr/lib/jvm/java-7-openjdk-amd64/jre/lib/rt.jar
7f9e9862f000-7f9e98812000 rw-p 00000000 00:00 0 
7f9e98812000-7f9e98813000 ---p 00000000 00:00 0 
7f9e98813000-7f9e9a22c000 rw-p 00000000 00:00 0                          [stack:6554]
7f9e9a22c000-7f9e9a275000 rw-p 00000000 00:00 0 
7f9e9a275000-7f9e9a28a000 rw-p 00000000 00:00 0 
7f9e9a28a000-7f9e9a3bd000 rw-p 00000000 00:00 0 
7f9e9a3bd000-7f9e9a7cc000 rw-p 00000000 00:00 0 
7f9e9a7cc000-7f9e9a864000 rw-p 00000000 00:00 0 
7f9e9a864000-7f9e9a879000 rw-p 00000000 00:00 0 
7f9e9a879000-7f9e9a9ac000 rw-p 00000000 00:00 0 
7f9e9a9ac000-7f9e9a9b7000 rw-p 00000000 00:00 0 
7f9e9a9b7000-7f9e9a9ff000 rw-p 00000000 00:00 0 
7f9e9a9ff000-7f9e9aa00000 rw-p 00000000 00:00 0 
7f9e9aa00000-7f9e9aa01000 ---p 00000000 00:00 0 
7f9e9aa01000-7f9e9ab01000 rw-p 00000000 00:00 0                          [stack:6553]
7f9e9ab01000-7f9e9ab02000 ---p 00000000 00:00 0 
7f9e9ab02000-7f9e9ac02000 rw-p 00000000 00:00 0                          [stack:6552]
7f9e9ac02000-7f9e9ac03000 ---p 00000000 00:00 0 
7f9e9ac03000-7f9e9ad03000 rw-p 00000000 00:00 0                          [stack:6551]
7f9e9ad03000-7f9e9ad04000 ---p 00000000 00:00 0 
7f9e9ad04000-7f9e9ae04000 rw-p 00000000 00:00 0                          [stack:6550]
7f9e9ae04000-7f9e9ae0c000 r-xp 00000000 08:0a 5114333                    /usr/lib/jvm/java-7-openjdk-amd64/jre/lib/amd64/libzip.so
7f9e9ae0c000-7f9e9b00b000 ---p 00008000 08:0a 5114333                    /usr/lib/jvm/java-7-openjdk-amd64/jre/lib/amd64/libzip.so
7f9e9b00b000-7f9e9b00c000 r--p 00007000 08:0a 5114333                    /usr/lib/jvm/java-7-openjdk-amd64/jre/lib/amd64/libzip.so
7f9e9b00c000-7f9e9b00d000 rw-p 00008000 08:0a 5114333                    /usr/lib/jvm/java-7-openjdk-amd64/jre/lib/amd64/libzip.so
7f9e9b00d000-7f9e9b018000 r-xp 00000000 08:0a 3407902                    /lib/x86_64-linux-gnu/libnss_files-2.19.so
7f9e9b018000-7f9e9b217000 ---p 0000b000 08:0a 3407902                    /lib/x86_64-linux-gnu/libnss_files-2.19.so
7f9e9b217000-7f9e9b218000 r--p 0000a000 08:0a 3407902                    /lib/x86_64-linux-gnu/libnss_files-2.19.so
7f9e9b218000-7f9e9b219000 rw-p 0000b000 08:0a 3407902                    /lib/x86_64-linux-gnu/libnss_files-2.19.so
7f9e9b219000-7f9e9b224000 r-xp 00000000 08:0a 3412225                    /lib/x86_64-linux-gnu/libnss_nis-2.19.so
7f9e9b224000-7f9e9b423000 ---p 0000b000 08:0a 3412225                    /lib/x86_64-linux-gnu/libnss_nis-2.19.so
7f9e9b423000-7f9e9b424000 r--p 0000a000 08:0a 3412225                    /lib/x86_64-linux-gnu/libnss_nis-2.19.so
7f9e9b424000-7f9e9b425000 rw-p 0000b000 08:0a 3412225                    /lib/x86_64-linux-gnu/libnss_nis-2.19.so
7f9e9b425000-7f9e9b43c000 r-xp 00000000 08:0a 3407969                    /lib/x86_64-linux-gnu/libnsl-2.19.so
7f9e9b43c000-7f9e9b63b000 ---p 00017000 08:0a 3407969                    /lib/x86_64-linux-gnu/libnsl-2.19.so
7f9e9b63b000-7f9e9b63c000 r--p 00016000 08:0a 3407969                    /lib/x86_64-linux-gnu/libnsl-2.19.so
7f9e9b63c000-7f9e9b63d000 rw-p 00017000 08:0a 3407969                    /lib/x86_64-linux-gnu/libnsl-2.19.so
7f9e9b63d000-7f9e9b63f000 rw-p 00000000 00:00 0 
7f9e9b63f000-7f9e9b648000 r-xp 00000000 08:0a 3407968                    /lib/x86_64-linux-gnu/libnss_compat-2.19.so
7f9e9b648000-7f9e9b847000 ---p 00009000 08:0a 3407968                    /lib/x86_64-linux-gnu/libnss_compat-2.19.so
7f9e9b847000-7f9e9b848000 r--p 00008000 08:0a 3407968                    /lib/x86_64-linux-gnu/libnss_compat-2.19.so
7f9e9b848000-7f9e9b849000 rw-p 00009000 08:0a 3407968                    /lib/x86_64-linux-gnu/libnss_compat-2.19.so
7f9e9b849000-7f9e9b874000 r-xp 00000000 08:0a 5114341                    /usr/lib/jvm/java-7-openjdk-amd64/jre/lib/amd64/libjava.so
7f9e9b874000-7f9e9ba74000 ---p 0002b000 08:0a 5114341                    /usr/lib/jvm/java-7-openjdk-amd64/jre/lib/amd64/libjava.so
7f9e9ba74000-7f9e9ba75000 r--p 0002b000 08:0a 5114341                    /usr/lib/jvm/java-7-openjdk-amd64/jre/lib/amd64/libjava.so
7f9e9ba75000-7f9e9ba77000 rw-p 0002c000 08:0a 5114341                    /usr/lib/jvm/java-7-openjdk-amd64/jre/lib/amd64/libjava.so
7f9e9ba77000-7f9e9ba87000 r-xp 00000000 08:0a 5114355                    /usr/lib/jvm/java-7-openjdk-amd64/jre/lib/amd64/libverify.so
7f9e9ba87000-7f9e9bc86000 ---p 00010000 08:0a 5114355                    /usr/lib/jvm/java-7-openjdk-amd64/jre/lib/amd64/libverify.so
7f9e9bc86000-7f9e9bc88000 r--p 0000f000 08:0a 5114355                    /usr/lib/jvm/java-7-openjdk-amd64/jre/lib/amd64/libverify.so
7f9e9bc88000-7f9e9bc89000 rw-p 00011000 08:0a 5114355                    /usr/lib/jvm/java-7-openjdk-amd64/jre/lib/amd64/libverify.so
7f9e9bc89000-7f9e9bc90000 r-xp 00000000 08:0a 3411871                    /lib/x86_64-linux-gnu/librt-2.19.so
7f9e9bc90000-7f9e9be8f000 ---p 00007000 08:0a 3411871                    /lib/x86_64-linux-gnu/librt-2.19.so
7f9e9be8f000-7f9e9be90000 r--p 00006000 08:0a 3411871                    /lib/x86_64-linux-gnu/librt-2.19.so
7f9e9be90000-7f9e9be91000 rw-p 00007000 08:0a 3411871                    /lib/x86_64-linux-gnu/librt-2.19.so
7f9e9be91000-7f9e9bea6000 r-xp 00000000 08:0a 4211899                    /root/cilkplus-install/lib64/libgcc_s.so.1
7f9e9bea6000-7f9e9c0a6000 ---p 00015000 08:0a 4211899                    /root/cilkplus-install/lib64/libgcc_s.so.1
7f9e9c0a6000-7f9e9c0a7000 rw-p 00015000 08:0a 4211899                    /root/cilkplus-install/lib64/libgcc_s.so.1
7f9e9c0a7000-7f9e9c1ac000 r-xp 00000000 08:0a 3407901                    /lib/x86_64-linux-gnu/libm-2.19.so
7f9e9c1ac000-7f9e9c3ab000 ---p 00105000 08:0a 3407901                    /lib/x86_64-linux-gnu/libm-2.19.so
7f9e9c3ab000-7f9e9c3ac000 r--p 00104000 08:0a 3407901                    /lib/x86_64-linux-gnu/libm-2.19.so
7f9e9c3ac000-7f9e9c3ad000 rw-p 00105000 08:0a 3407901                    /lib/x86_64-linux-gnu/libm-2.19.so
7f9e9c3ad000-7f9e9c493000 r-xp 00000000 08:0a 4853928                    /usr/lib/x86_64-linux-gnu/libstdc++.so.6.0.19
7f9e9c493000-7f9e9c692000 ---p 000e6000 08:0a 4853928                    /usr/lib/x86_64-linux-gnu/libstdc++.so.6.0.19
7f9e9c692000-7f9e9c69a000 r--p 000e5000 08:0a 4853928                    /usr/lib/x86_64-linux-gnu/libstdc++.so.6.0.19
7f9e9c69a000-7f9e9c69c000 rw-p 000ed000 08:0a 4853928                    /usr/lib/x86_64-linux-gnu/libstdc++.so.6.0.19
7f9e9c69c000-7f9e9c6b1000 rw-p 00000000 00:00 0 
7f9e9c6b1000-7f9e9d1d5000 r-xp 00000000 08:0a 5114347                    /usr/lib/jvm/java-7-openjdk-amd64/jre/lib/amd64/server/libjvm.so
7f9e9d1d5000-7f9e9d3d4000 ---p 00b24000 08:0a 5114347                    /usr/lib/jvm/java-7-openjdk-amd64/jre/lib/amd64/server/libjvm.so
7f9e9d3d4000-7f9e9d46e000 r--p 00b23000 08:0a 5114347                    /usr/lib/jvm/java-7-openjdk-amd64/jre/lib/amd64/server/libjvm.so
7f9e9d46e000-7f9e9d491000 rw-p 00bbd000 08:0a 5114347                    /usr/lib/jvm/java-7-openjdk-amd64/jre/lib/amd64/server/libjvm.so
7f9e9d491000-7f9e9d4bf000 rw-p 00000000 00:00 0 
7f9e9d4bf000-7f9e9d4d7000 r-xp 00000000 08:0a 3412115                    /lib/x86_64-linux-gnu/libz.so.1.2.8
7f9e9d4d7000-7f9e9d6d6000 ---p 00018000 08:0a 3412115                    /lib/x86_64-linux-gnu/libz.so.1.2.8
7f9e9d6d6000-7f9e9d6d7000 r--p 00017000 08:0a 3412115                    /lib/x86_64-linux-gnu/libz.so.1.2.8
7f9e9d6d7000-7f9e9d6d8000 rw-p 00018000 08:0a 3412115                    /lib/x86_64-linux-gnu/libz.so.1.2.8
7f9e9d6d8000-7f9e9d6f1000 r-xp 00000000 08:0a 3407975                    /lib/x86_64-linux-gnu/libpthread-2.19.so
7f9e9d6f1000-7f9e9d8f0000 ---p 00019000 08:0a 3407975                    /lib/x86_64-linux-gnu/libpthread-2.19.so
7f9e9d8f0000-7f9e9d8f1000 r--p 00018000 08:0a 3407975                    /lib/x86_64-linux-gnu/libpthread-2.19.so
7f9e9d8f1000-7f9e9d8f2000 rw-p 00019000 08:0a 3407975                    /lib/x86_64-linux-gnu/libpthread-2.19.so
7f9e9d8f2000-7f9e9d8f6000 rw-p 00000000 00:00 0 
7f9e9d8f6000-7f9e9d8f9000 r-xp 00000000 08:0a 3407963                    /lib/x86_64-linux-gnu/libdl-2.19.so
7f9e9d8f9000-7f9e9daf8000 ---p 00003000 08:0a 3407963                    /lib/x86_64-linux-gnu/libdl-2.19.so
7f9e9daf8000-7f9e9daf9000 r--p 00002000 08:0a 3407963                    /lib/x86_64-linux-gnu/libdl-2.19.so
7f9e9daf9000-7f9e9dafa000 rw-p 00003000 08:0a 3407963                    /lib/x86_64-linux-gnu/libdl-2.19.so
7f9e9dafa000-7f9e9dcb5000 r-xp 00000000 08:0a 3407974                    /lib/x86_64-linux-gnu/libc-2.19.so
7f9e9dcb5000-7f9e9deb4000 ---p 001bb000 08:0a 3407974                    /lib/x86_64-linux-gnu/libc-2.19.so
7f9e9deb4000-7f9e9deb8000 r--p 001ba000 08:0a 3407974                    /lib/x86_64-linux-gnu/libc-2.19.so
7f9e9deb8000-7f9e9deba000 rw-p 001be000 08:0a 3407974                    /lib/x86_64-linux-gnu/libc-2.19.so
7f9e9deba000-7f9e9debf000 rw-p 00000000 00:00 0 
7f9e9debf000-7f9e9decc000 r-xp 00000000 08:0a 5114356                    /usr/lib/jvm/java-7-openjdk-amd64/jre/lib/amd64/jli/libjli.so
7f9e9decc000-7f9e9e0cb000 ---p 0000d000 08:0a 5114356                    /usr/lib/jvm/java-7-openjdk-amd64/jre/lib/amd64/jli/libjli.so
7f9e9e0cb000-7f9e9e0cc000 r--p 0000c000 08:0a 5114356                    /usr/lib/jvm/java-7-openjdk-amd64/jre/lib/amd64/jli/libjli.so
7f9e9e0cc000-7f9e9e0cd000 rw-p 0000d000 08:0a 5114356                    /usr/lib/jvm/java-7-openjdk-amd64/jre/lib/amd64/jli/libjli.so
7f9e9e0cd000-7f9e9e0f0000 r-xp 00000000 08:0a 3407971                    /lib/x86_64-linux-gnu/ld-2.19.so
7f9e9e100000-7f9e9e10a000 rw-p 00000000 00:00 0 
7f9e9e10a000-7f9e9e1c0000 rw-p 00000000 00:00 0 
7f9e9e1c0000-7f9e9e1c3000 ---p 00000000 00:00 0 
7f9e9e1c3000-7f9e9e2c5000 rw-p 00000000 00:00 0                          [stack:6549]
7f9e9e2cc000-7f9e9e2ce000 rw-p 00000000 00:00 0 
7f9e9e2ce000-7f9e9e2d2000 r--s 00085000 08:0a 5114316                    /usr/lib/jvm/java-7-openjdk-amd64/jre/lib/ext/localedata.jar
7f9e9e2d2000-7f9e9e2d3000 r--s 00002000 08:0a 5114320                    /usr/lib/jvm/java-7-openjdk-amd64/jre/lib/ext/dnsns.jar
7f9e9e2d3000-7f9e9e2d7000 r--s 0003c000 08:0a 5114319                    /usr/lib/jvm/java-7-openjdk-amd64/jre/lib/ext/sunpkcs11.jar
7f9e9e2d7000-7f9e9e2da000 r--s 0000f000 08:0a 5114317                    /usr/lib/jvm/java-7-openjdk-amd64/jre/lib/ext/icedtea-sound.jar
7f9e9e2da000-7f9e9e2de000 r--s 00034000 08:0a 5114318                    /usr/lib/jvm/java-7-openjdk-amd64/jre/lib/ext/sunjce_provider.jar
7f9e9e2de000-7f9e9e2e0000 r--s 00006000 08:0a 5259018                    /usr/share/java/java-atk-wrapper.jar
7f9e9e2e0000-7f9e9e2e2000 r--s 00012000 08:0a 5114315                    /usr/lib/jvm/java-7-openjdk-amd64/jre/lib/ext/zipfs.jar
7f9e9e2e2000-7f9e9e2ea000 rw-s 00000000 08:0a 3959974                    /tmp/hsperfdata_root/6548
7f9e9e2ea000-7f9e9e2eb000 rw-p 00000000 00:00 0 
7f9e9e2eb000-7f9e9e2ec000 r--p 00000000 00:00 0 
7f9e9e2ec000-7f9e9e2ef000 rw-p 00000000 00:00 0 
7f9e9e2ef000-7f9e9e2f0000 r--p 00022000 08:0a 3407971                    /lib/x86_64-linux-gnu/ld-2.19.so
7f9e9e2f0000-7f9e9e2f1000 rw-p 00023000 08:0a 3407971                    /lib/x86_64-linux-gnu/ld-2.19.so
7f9e9e2f1000-7f9e9e2f2000 rw-p 00000000 00:00 0 
7ffc035d1000-7ffc035f2000 rw-p 00000000 00:00 0                          [stack]
7ffc035fb000-7ffc035fd000 r-xp 00000000 00:00 0                          [vdso]
7ffc035fd000-7ffc035ff000 r--p 00000000 00:00 0                          [vvar]
ffffffffff600000-ffffffffff601000 r-xp 00000000 00:00 0                  [vsyscall]

VM Arguments:
jvm_args: -XX:+UseConcMarkSweepGC 
java_command: edu.berkeley.sparrow.daemon.SparrowDaemon -c sparrow.conf
Launcher Type: SUN_STANDARD

Environment Variables:
JAVA_HOME=/root/jdk1.8.0_51
CLASSPATH=$CLASSPATH:/root/jdk1.8.0_51/lib:/root/scala-2.11.7/lib
PATH=/usr/local/cuda/bin:$PATH:/usr/local/sbin:/usr/local/bin:/usr/sbin:/usr/bin:/sbin:/bin:/usr/games:/usr/local/games:/root/jdk1.8.0_51/bin:/root/scala-2.11.7/bin:/root/cilkplus-install/bin
LD_LIBRARY_PATH=$LD_LIBRARY_PATH:/usr/lib:/usr/local/lib:/usr/lib/x86_64-linux-gnu:/root/cilkplus-install/lib:/root/cilkplus-install/lib64
SHELL=/bin/bash
DISPLAY=:0

Signal Handlers:
SIGSEGV: [libjvm.so+0x954820], sa_mask[0]=0x7ffbfeff, sa_flags=0x10000004
SIGBUS: [libjvm.so+0x954820], sa_mask[0]=0x7ffbfeff, sa_flags=0x10000004
SIGFPE: [libjvm.so+0x7cb150], sa_mask[0]=0x7ffbfeff, sa_flags=0x10000004
SIGPIPE: [libjvm.so+0x7cb150], sa_mask[0]=0x7ffbfeff, sa_flags=0x10000004
SIGXFSZ: [libjvm.so+0x7cb150], sa_mask[0]=0x7ffbfeff, sa_flags=0x10000004
SIGILL: [libjvm.so+0x7cb150], sa_mask[0]=0x7ffbfeff, sa_flags=0x10000004
SIGUSR1: SIG_DFL, sa_mask[0]=0x00000000, sa_flags=0x00000000
SIGUSR2: [libjvm.so+0x7caff0], sa_mask[0]=0x00000000, sa_flags=0x10000004
SIGHUP: [libjvm.so+0x7cb1d0], sa_mask[0]=0x7ffbfeff, sa_flags=0x10000004
SIGINT: [libjvm.so+0x7cb1d0], sa_mask[0]=0x7ffbfeff, sa_flags=0x10000004
SIGTERM: [libjvm.so+0x7cb1d0], sa_mask[0]=0x7ffbfeff, sa_flags=0x10000004
SIGQUIT: [libjvm.so+0x7cb1d0], sa_mask[0]=0x7ffbfeff, sa_flags=0x10000004
SIGTRAP: SIG_DFL, sa_mask[0]=0x00000000, sa_flags=0x00000000


---------------  S Y S T E M  ---------------

OS:Ubuntu 14.04 (trusty)
uname:Linux 3.16.0-69-generic #89~14.04.1-Ubuntu SMP Thu Mar 17 20:51:04 UTC 2016 x86_64
libc:glibc 2.19 NPTL 2.19 
rlimit: STACK 8192k, CORE 0k, NPROC 15616, NOFILE 4096, AS infinity
load average:0.35 0.18 0.25

/proc/meminfo:
MemTotal:        4019280 kB
MemFree:          927276 kB
MemAvailable:    2285448 kB
Buffers:          314412 kB
Cached:          1245888 kB
SwapCached:            0 kB
Active:          2070592 kB
Inactive:         685948 kB
Active(anon):    1197300 kB
Inactive(anon):   105196 kB
Active(file):     873292 kB
Inactive(file):   580752 kB
Unevictable:         136 kB
Mlocked:             136 kB
SwapTotal:       3998716 kB
SwapFree:        3998716 kB
Dirty:              8228 kB
Writeback:             0 kB
AnonPages:       1196360 kB
Mapped:           482504 kB
Shmem:            106260 kB
Slab:             180896 kB
SReclaimable:     146128 kB
SUnreclaim:        34768 kB
KernelStack:        9024 kB
PageTables:        35928 kB
NFS_Unstable:          0 kB
Bounce:                0 kB
WritebackTmp:          0 kB
CommitLimit:     6008356 kB
Committed_AS:    5117256 kB
VmallocTotal:   34359738367 kB
VmallocUsed:      112372 kB
VmallocChunk:   34359619580 kB
HardwareCorrupted:     0 kB
AnonHugePages:    466944 kB
HugePages_Total:       0
HugePages_Free:        0
HugePages_Rsvd:        0
HugePages_Surp:        0
Hugepagesize:       2048 kB
DirectMap4k:      206288 kB
DirectMap2M:     3960832 kB


CPU:total 4 (4 cores per cpu, 1 threads per core) family 6 model 42 stepping 7, cmov, cx8, fxsr, mmx, sse, sse2, sse3, ssse3, sse4.1, sse4.2, popcnt, avx, aes, tsc, tscinvbit

/proc/cpuinfo:
processor	: 0
vendor_id	: GenuineIntel
cpu family	: 6
model		: 42
model name	: Intel(R) Core(TM) i5-2400 CPU @ 3.10GHz
stepping	: 7
microcode	: 0x23
cpu MHz		: 3292.781
cache size	: 6144 KB
physical id	: 0
siblings	: 4
core id		: 0
cpu cores	: 4
apicid		: 0
initial apicid	: 0
fpu		: yes
fpu_exception	: yes
cpuid level	: 13
wp		: yes
flags		: fpu vme de pse tsc msr pae mce cx8 apic sep mtrr pge mca cmov pat pse36 clflush dts acpi mmx fxsr sse sse2 ss ht tm pbe syscall nx rdtscp lm constant_tsc arch_perfmon pebs bts rep_good nopl xtopology nonstop_tsc aperfmperf eagerfpu pni pclmulqdq dtes64 monitor ds_cpl vmx smx est tm2 ssse3 cx16 xtpr pdcm pcid sse4_1 sse4_2 x2apic popcnt tsc_deadline_timer aes xsave avx lahf_lm ida arat epb xsaveopt pln pts dtherm tpr_shadow vnmi flexpriority ept vpid
bogomips	: 6186.21
clflush size	: 64
cache_alignment	: 64
address sizes	: 36 bits physical, 48 bits virtual
power management:

processor	: 1
vendor_id	: GenuineIntel
cpu family	: 6
model		: 42
model name	: Intel(R) Core(TM) i5-2400 CPU @ 3.10GHz
stepping	: 7
microcode	: 0x23
cpu MHz		: 3202.203
cache size	: 6144 KB
physical id	: 0
siblings	: 4
core id		: 1
cpu cores	: 4
apicid		: 2
initial apicid	: 2
fpu		: yes
fpu_exception	: yes
cpuid level	: 13
wp		: yes
flags		: fpu vme de pse tsc msr pae mce cx8 apic sep mtrr pge mca cmov pat pse36 clflush dts acpi mmx fxsr sse sse2 ss ht tm pbe syscall nx rdtscp lm constant_tsc arch_perfmon pebs bts rep_good nopl xtopology nonstop_tsc aperfmperf eagerfpu pni pclmulqdq dtes64 monitor ds_cpl vmx smx est tm2 ssse3 cx16 xtpr pdcm pcid sse4_1 sse4_2 x2apic popcnt tsc_deadline_timer aes xsave avx lahf_lm ida arat epb xsaveopt pln pts dtherm tpr_shadow vnmi flexpriority ept vpid
bogomips	: 6186.21
clflush size	: 64
cache_alignment	: 64
address sizes	: 36 bits physical, 48 bits virtual
power management:

processor	: 2
vendor_id	: GenuineIntel
cpu family	: 6
model		: 42
model name	: Intel(R) Core(TM) i5-2400 CPU @ 3.10GHz
stepping	: 7
microcode	: 0x23
cpu MHz		: 3247.855
cache size	: 6144 KB
physical id	: 0
siblings	: 4
core id		: 2
cpu cores	: 4
apicid		: 4
initial apicid	: 4
fpu		: yes
fpu_exception	: yes
cpuid level	: 13
wp		: yes
flags		: fpu vme de pse tsc msr pae mce cx8 apic sep mtrr pge mca cmov pat pse36 clflush dts acpi mmx fxsr sse sse2 ss ht tm pbe syscall nx rdtscp lm constant_tsc arch_perfmon pebs bts rep_good nopl xtopology nonstop_tsc aperfmperf eagerfpu pni pclmulqdq dtes64 monitor ds_cpl vmx smx est tm2 ssse3 cx16 xtpr pdcm pcid sse4_1 sse4_2 x2apic popcnt tsc_deadline_timer aes xsave avx lahf_lm ida arat epb xsaveopt pln pts dtherm tpr_shadow vnmi flexpriority ept vpid
bogomips	: 6186.21
clflush size	: 64
cache_alignment	: 64
address sizes	: 36 bits physical, 48 bits virtual
power management:

processor	: 3
vendor_id	: GenuineIntel
cpu family	: 6
model		: 42
model name	: Intel(R) Core(TM) i5-2400 CPU @ 3.10GHz
stepping	: 7
microcode	: 0x23
cpu MHz		: 3215.765
cache size	: 6144 KB
physical id	: 0
siblings	: 4
core id		: 3
cpu cores	: 4
apicid		: 6
initial apicid	: 6
fpu		: yes
fpu_exception	: yes
cpuid level	: 13
wp		: yes
flags		: fpu vme de pse tsc msr pae mce cx8 apic sep mtrr pge mca cmov pat pse36 clflush dts acpi mmx fxsr sse sse2 ss ht tm pbe syscall nx rdtscp lm constant_tsc arch_perfmon pebs bts rep_good nopl xtopology nonstop_tsc aperfmperf eagerfpu pni pclmulqdq dtes64 monitor ds_cpl vmx smx est tm2 ssse3 cx16 xtpr pdcm pcid sse4_1 sse4_2 x2apic popcnt tsc_deadline_timer aes xsave avx lahf_lm ida arat epb xsaveopt pln pts dtherm tpr_shadow vnmi flexpriority ept vpid
bogomips	: 6186.21
clflush size	: 64
cache_alignment	: 64
address sizes	: 36 bits physical, 48 bits virtual
power management:



Memory: 4k page, physical 4019280k(927276k free), swap 3998716k(3998716k free)

vm_info: OpenJDK 64-Bit Server VM (24.85-b03) for linux-amd64 JRE (1.7.0_85-b01), built on Oct 22 2015 06:46:50 by "buildd" with gcc 4.8.2

time: Fri Nov 25 18:01:56 2016
elapsed time: 32 seconds

